Workflow: z_image_turbo
Prompt: automotive turbocharger product photo, clean white studio background, metal turbocharger unit, professional catalog ligh...
Cikti: D:\projeler\otomavi\Web\matrix\data\yonetici\15_comfy\dnhgnxo0hg.png
[OK] Uretildi: D:\projeler\otomavi\Web\matrix\data\yonetici\15_comfy\dnhgnxo0hg.png
     prompt_id: 7889e5aa-d40e-4ef8-bb4a-a1f3144d49ea
     dosya: matrix_z_image_turbo_00033_.png
COMFY_OK dnhgnxo0hg
Workflow: z_image_turbo
Prompt: car steering rack and tie rod ends product photo, clean white studio background, automotive parts catalog style, no text...
Cikti: D:\projeler\otomavi\Web\matrix\data\yonetici\15_comfy\ry99uefxh8.png
[OK] Uretildi: D:\projeler\otomavi\Web\matrix\data\yonetici\15_comfy\ry99uefxh8.png
     prompt_id: 8a04453d-9dc3-417f-bd0a-ddd699a070d5
     dosya: matrix_z_image_turbo_00034_.png
COMFY_OK ry99uefxh8
Workflow: z_image_turbo
Prompt: car transmission gear set product photo, clean white studio background, metal gears, automotive catalog, no text no logo
Cikti: D:\projeler\otomavi\Web\matrix\data\yonetici\15_comfy\knzebtecct.png
[OK] Uretildi: D:\projeler\otomavi\Web\matrix\data\yonetici\15_comfy\knzebtecct.png
     prompt_id: 161baec9-b698-4047-a490-638e23666568
     dosya: matrix_z_image_turbo_00035_.png
COMFY_OK knzebtecct
Workflow: z_image_turbo
Prompt: car tire and wheel rim product photo, clean white studio background, automotive catalog lighting, no text no logo
Cikti: D:\projeler\otomavi\Web\matrix\data\yonetici\15_comfy\yut4w6lws1.png
[OK] Uretildi: D:\projeler\otomavi\Web\matrix\data\yonetici\15_comfy\yut4w6lws1.png
     prompt_id: 5eb7d39d-f749-406a-99a7-7e5b9b8296ad
     dosya: matrix_z_image_turbo_00036_.png
COMFY_OK yut4w6lws1
Workflow: z_image_turbo
Prompt: car wheel hub bearing assembly product photo, clean white studio background, automotive parts catalog, no text no logo
Cikti: D:\projeler\otomavi\Web\matrix\data\yonetici\15_comfy\t3uqlrk7uh.png
[OK] Uretildi: D:\projeler\otomavi\Web\matrix\data\yonetici\15_comfy\t3uqlrk7uh.png
     prompt_id: 8b324690-9696-4f67-90da-b7330e809915
     dosya: matrix_z_image_turbo_00037_.png
COMFY_OK t3uqlrk7uh
Workflow: z_image_turbo
Prompt: parking sensor and automotive ECU control unit product photo, clean white studio background, electronics catalog, no tex...
Cikti: D:\projeler\otomavi\Web\matrix\data\yonetici\15_comfy\upq7zjks3k.png
[OK] Uretildi: D:\projeler\otomavi\Web\matrix\data\yonetici\15_comfy\upq7zjks3k.png
     prompt_id: 42dbdbe1-e49f-4170-b5a0-b171cbc0124f
     dosya: matrix_z_image_turbo_00038_.png
COMFY_OK upq7zjks3k
Workflow: z_image_turbo
Prompt: car accessory toolkit and workshop supplies product photo, clean white studio background, automotive catalog, no text no...
Cikti: D:\projeler\otomavi\Web\matrix\data\yonetici\15_comfy\joh4ngy8qk.png
[OK] Uretildi: D:\projeler\otomavi\Web\matrix\data\yonetici\15_comfy\joh4ngy8qk.png
     prompt_id: 2a01d7f5-19be-4abb-9837-236fc0f4ea5d
     dosya: matrix_z_image_turbo_00039_.png
COMFY_OK joh4ngy8qk
