products.json yazıldı: +7 üst, +46 ürün
IMG kopya: ommotr04 → dnhgnxo0hg/index.webp
IMG kopya: ommotr04 → 9s2gesnrvb/index.webp
IMG kopya: omklma07 → lo65qlydcr/index.webp
IMG kopya: ommotr04 → s3nk6qkyzy/index.webp
IMG kopya: omelek05 → pmbqcljbet/index.webp
IMG kopya: omsusp06 → ry99uefxh8/index.webp
IMG kopya: omsusp06 → 7bvaq99dkp/index.webp
IMG kopya: omsusp06 → dzq4tnm96q/index.webp
IMG kopya: omsusp06 → pky10wfvei/index.webp
IMG kopya: omsusp06 → 3ifpnx1zn2/index.webp
IMG kopya: ommotr04 → knzebtecct/index.webp
IMG kopya: omsusp06 → dn9pzwbacw/index.webp
IMG kopya: omelek05 → a831pe03ct/index.webp
IMG kopya: omaydn12 → 8yf87dw95o/index.webp
IMG kopya: ommotr04 → rkhqhabbns/index.webp
IMG kopya: omsusp06 → yut4w6lws1/index.webp
IMG kopya: omsusp06 → cnzfr4vihd/index.webp
IMG kopya: omsusp06 → c0ne7aa17j/index.webp
IMG kopya: ombkim10 → c4zezz86gb/index.webp
IMG kopya: omsusp06 → 7j56u803i4/index.webp
IMG kopya: omsusp06 → t3uqlrk7uh/index.webp
IMG kopya: omsusp06 → q99uza8w5v/index.webp
IMG kopya: omsusp06 → 7fr22wss57/index.webp
IMG kopya: omsusp06 → 7512zyrusk/index.webp
IMG kopya: ommotr04 → l9iga15ped/index.webp
IMG kopya: omelek05 → upq7zjks3k/index.webp
IMG kopya: omelek05 → vz22y35tfi/index.webp
IMG kopya: omelek05 → y6l04cyvsg/index.webp
IMG kopya: omelek05 → blaw0o0nq9/index.webp
IMG kopya: omelek05 → d6eksr83a6/index.webp
IMG kopya: omicdn11 → joh4ngy8qk/index.webp
IMG kopya: ombkim10 → rz336w09cr/index.webp
IMG kopya: omicdn11 → k01d2cqsgr/index.webp
IMG kopya: ombkim10 → l3pah7xqy4/index.webp
IMG kopya: omicdn11 → cmc6a6rqa3/index.webp
IMG kopya: omfren02 → vflv4907nw/index.webp
IMG kopya: omfren02 → z61o8tyuub/index.webp
IMG kopya: omgvde03 → iopprqo3wr/index.webp
IMG kopya: omgvde03 → 57w8jl01ph/index.webp
IMG kopya: omklma07 → 7ghzidgxaz/index.webp
IMG kopya: omkysi13 → 9rwa82diyh/index.webp
IMG kopya: omsusp06 → iv3mwgh27w/index.webp
IMG kopya: omelek05 → 3flq48i5oy/index.webp
IMG kopya: ommotr04 → p868dr3e2c/index.webp
IMG kopya: ommotr04 → o6y7tc63zi/index.webp
IMG kopya: omatsg08 → 2pal25nyga/index.webp
IMG kopya: omsivi09 → fd8zen2pom/index.webp
IMG kopya: omsivi09 → pir7d4kref/index.webp
IMG kopya: omsivi09 → o870xzst25/index.webp
IMG kopya: omicdn11 → ucfe2ni7ya/index.webp
IMG kopya: omicdn11 → gpsprl0aax/index.webp
IMG kopya: omaydn12 → rapa1jpfm8/index.webp
IMG kopya: omslck14 → 1zvs97tk5x/index.webp
page klasörleri yazıldı: 53
hs54qzyeyo hub description güncellendi
t1ls01 max=24 (yeni üstler ana sayfada)
t1plpr size=24 (ürünler hub tüm üstler)
SONUÇ üst=21 ürün=89 kalanID=0