# Paket 17 — Tasarım üstünlük (Geotech’ten daha iyi) — RUN LOG

**Tarih:** 2026-07-20  
**Proje:** otomavi / Oto Mavi  
**cwd:** D:\projeler\otomavi\Web\matrix  
**Referans:** data/yonetici/14_analiz.md §5 · data/yonetici/17_tasarim_ustunluk.md

---

## Özet tablo

| Metrik | Değer |
|--------|-------|
| Render | **status=ok** (HTTP pipeline 200) |
| renderId | `cu5pkg3a` |
| renderMs | 629 |
| dogrula | **hata=0** uyarı=2 |
| derin tarama | error=0 warn=5 (önceki borç: menu-2 / page-desing-otomavi / admin / placeholder) |
| Ana sayfa body | sade 5 blok (sg/br çıkarıldı) |
| eticaret / sepet | yok |
| Commit / push | yok |

---

## 1) Önce / sonra — `desing.json` body

| | Sıra |
|--|------|
| **ÖNCE** | `t1af01` → `t1sg01` → `t1ls01` → `t1in01` → `t1st01` → `t1br01` → `t1ct01` |
| **SONRA** | `t1af01` → `t1ls01` → `t1st01` → `t1in01` → `t1ct01` |

### Kaldırma gerekçeleri

| Modül | Gerekçe |
|-------|---------|
| `t1sg01` (services-grid-1) | Magento-demo benzeri USP kart kalabalığı; `t1st01` ile aynı 4 değeri tekrarlıyordu. Tek güven şeridi yeterli. |
| `t1br01` (marka şeridi) | İlk viewport sonrası ekstra promo/şerit hissi; Paket 17 “pill/stat spam yok” — üretici notu intro/kurumsal metinde kalır. |

Modül tanımları `modules.json` içinde duruyor (ileride iç sayfada kullanılabilir); **ana sayfa body’den çıkarıldı**.

---

## 2) Slider `k4t90c`

- ≥2 slayt: `slider-otomavi-yedek-parca-01.webp`, `slider-otomavi-bmw-parca-02.webp`
- Başlıklar kısa / markayı ezmez: “BMW yedek parça” · “Hızlı tedarik, net teklif”
- TR tutarlı; emoji / promo sticker yok
- CTA: **Ürünleri İncele** → `urunler` · **İletişime Geç** → `iletisim` (“Sepete ekle” yok)
- Overlay `0.40` → **`0.48`** (okunaklılık); height `520px`; palet `#02427A` / beyaz metin
- delay `3000` → `4500` (daha sakin geçiş)

---

## 3) Menü `vey1el`

- Renk: `activecolor` / `bgcolor` = `#0B3A6E` · `activebgcolor` = `#ffffff` (korundu)
- Linkler: Anasayfa (`@home@` / menu-2) · Ürünler · Hakkımızda · İletişim · SSS
- `page.json` sırası güncellendi: SSS, İletişim’den sonra (+SSS)
- Demo “Shop / Elements / Features” yok

---

## 4) İç sayfa

- `t1pd01` (page-desing-otomavi): hero + breadcrumb + WhatsApp/Ara CTA — dokunulmadı
- `t1pc03`: hover transition mevcut (webmodule); üst 21 + ürün 89 `index.webp` tam → boş img kırığı yok

---

## 5) Footer

- `txt39m` (footer-5): tel + adres + çalışma 08:00–22:00
- `t1wa01` WhatsApp `905447171828` — `desing.footer` + `footerdefault` korundu

---

## 6) Webmodule

- Yeni global modül eklenmedi (W1/W2 ihlali yok)
- Yalnızca proje JSON + desing token (overlay/CTA metin)

---

## 7) Render + dogrula

```powershell
Invoke-RestMethod -Method POST -Uri "http://localhost/webmaker/services/webmaker/" `
  -ContentType "application/json" -Body '{"path":"otomavi"}'
# → status=ok · renderId=cu5pkg3a · renderMs=629

node D:/projeler/elo/web/talimatlar/web/webmaker-analiz.js otomavi
# → dogrula hata=0 uyarı=2 · derin tarama error=0 warn=5 · SONUÇ: temiz
```

Kanıt dosyaları:
- `data/yonetici/17_render.json`
- `data/yonetici/17_dogrula_stdout.log`
- Public sync: `D:\projeler\otomavi\web\public\desing.json` / `modules.json` / `page.json`

---

## DONE

- [x] Ana sayfa akışı sade ve marka-öncelikli  
- [x] dogrula hata=0 · render 200 / status=ok  
- [x] `17_run.log` yazıldı  
