# Paket 18 — Webrender + hata kapatma döngüsü — RUN LOG

**Tarih:** 2026-07-20  
**Proje:** otomavi / Oto Mavi  
**cwd:** D:\projeler\otomavi\Web\matrix  
**Referans:** data/yonetici/18_webrender_dogrula.md · paket 15–17 sonrası kapanış

---

## Özet tablo

| Metrik | Değer |
|--------|-------|
| Üst kategori | **21** (`category: ""`) |
| Ürün satırı | **89** (`category: <üst-id>`) |
| Toplam products | 110 |
| Render | **status=ok** (HTTP pipeline 200) |
| renderId | `ra5jgqki` (tur 2; tur 1: `my6q0d95`) |
| renderMs | 599 |
| render warningCount | **11** (kurumsal `style.css` `--token--`) |
| dogrula | **hata=0 uyarı=0** |
| derin tarama | error=0 warn=5 (bilinçli borç) |
| HTML sızıntı (`{{` / `@x@` / `--undefined` / `src=…undefined`) | **0 / 124** dosya |
| products path → public HTML | **110 / 110** OK |
| eticaret / sepet | yok |
| Commit / push | yok |

---

## 1) Full render

```powershell
$r = Invoke-RestMethod -Method POST -Uri "http://localhost/webmaker/services/webmaker/" `
  -ContentType "application/json" -Body '{"path":"otomavi"}'
$r | ConvertTo-Json -Depth 6 | Set-Content -Encoding utf8 data/yonetici/18_render.json
```

| Tur | renderId | status | warningCount | Not |
|-----|----------|--------|--------------|-----|
| 1 | `my6q0d95` | ok | 11 | CSS placeholder listesi |
| 2 | `ra5jgqki` | ok | 11 | SEO düzeltmesi sonrası |

### Render warnings (11) — dosya listesi

Hepsi kurumsal / yasal sayfa `style.css` içinde replace edilmemiş desing token’ları:

- `tr\gizlilikpolitikasi\style.css`
- `tr\hakkimizda\style.css`
- `tr\kalitepolitikamiz\style.css`
- `tr\kariyer\style.css`
- `tr\kisiselveriler\style.css`
- `tr\kullanicahaklari\style.css`
- `tr\misyon\style.css`
- `tr\sss\style.css`
- `tr\style.css` (yalnız `--bgcolor--`)
- `tr\vizyon\style.css`
- `tr\yasaluyari\style.css`

Token’lar: `--border_radius--`, `--bgcolor--`, `--card_shadow--`, `--colortitle--`, `--color--`, `--coloractive--`  
`brokenAttrs` / `badText`: boş. → **bilinçli ertelenen** (webmodule token pipeline; proje JSON tek satırla kapanmaz).

---

## 2) Dogrula

```powershell
node D:/projeler/elo/web/talimatlar/web/webmaker-analiz.js otomavi > data/yonetici/18_dogrula.txt
```

| Tur | hata | uyarı | Sonuç |
|-----|------|-------|-------|
| 1 | 0 | 2 | SEO uzunluk + SSS benzerlik |
| 2 | **0** | **0** | temiz |

### Tur 1 uyarıları → düzeltme

| Uyarı | Kaynak | Düzeltme |
|-------|--------|----------|
| SEO `hs54qzyeyo` description.tr = 224 | `page/hs54qzyeyo/index.json` (birleşik) | ~135 karaktere kısaltıldı; `page.json` ile senkron |
| BENZERLIK `1ol7p3rfpv` ≈ `sss` (%65) | menü satırı + kurumsal SSS | metinler ayrıştırıldı (menü özeti ≠ SSS meta) |

Dosyalar: `page.json`, `page/hs54qzyeyo/index.json`, `page/1ol7p3rfpv/index.json`, `kurumsal.json`, `page/sss/index.json`.

---

## 3) Çıktı sızıntı kontrolü

Public kök: `D:\projeler\otomavi\web\public\tr` (124 HTML).

| Kontrol | Sonuç |
|---------|-------|
| `{{` | yok |
| `@…@` | yok |
| `--undefined` | yok |
| `src=…undefined` | yok |
| Yeni üst kategori klasörleri (7) | hepsi `index.html` var |
| products path kırık | **0** |

### Manuel kontrol listesi

| Sayfa | Path | Durum |
|-------|------|-------|
| Ana sayfa | `/tr/` | shell OK · title Oto Mavi · sepet yok · SPA `#header/#content/#footer` |
| Ürünler hub | `/tr/urunler/` | OK |
| Üst kategori | `/tr/filtreler/` | OK |
| Üst (yeni) | `/tr/turbo-zorlamali-emme/` | OK |
| Ürün detay | `/tr/yakit-filtresi/` | OK · sepet yok · undefined yok |
| Ürün (yeni) | `/tr/asinma-sensoru/` (örnek) | OK |
| İletişim | `/tr/iletisim/` | OK · Sanayi adres · info@otomavi.com · tel |

Not: Statik HTML gövdesi boş div’ler; içerik `js.js` + matrix JSON ile yüklenir. Sızıntı taraması shell + meta + link bütünlüğüne odaklandı.

---

## 4) Düzelt → tekrar render

- Tur sayısı: **2** (max 3)
- JSON düzeltmesi sonrası tur 2: render ok + dogrula **hata=0 uyarı=0**
- Kritik HTML sızıntısı yok → ek tur gerekmedi

---

## 5) Bilinçli ertelenenler

| Madde | Gerekçe |
|-------|---------|
| kurumsal `style.css` `--token--` (render 11 + derin `OUTPUT_PLACEHOLDER_LEAK --x--=2`) | `page-desing` / desing token replace webmodule tarafı; paket 15’ten borç; HTML `{{`/`@` sızıntısı yok |
| `menu-2` hardcoded TR metin (W1) | global webmodule; proje JSON ile kapanmaz |
| `page-desing-otomavi` back.js hardcoded (W1) | global webmodule |
| Admin `database/database.html|js` eksik | admin iskeleti; public site dışı |
| eticaret / sepet | yasak — açılmadı |

---

## Kanıt dosyaları

- `data/yonetici/18_render.json`
- `data/yonetici/18_dogrula.txt`
- `data/yonetici/18_run.log` (bu dosya)

---

## DONE

- [x] render status=ok · renderId dolu  
- [x] dogrula **hata=0** (uyarı=0)  
- [x] sızıntı / kırık ürün linki yok  
- [x] `18_render.json` + `18_dogrula.txt` + `18_run.log` mevcut  
- [x] commit / push / eticaret yok  

**PAKET18_OK**
