# Paket 20 + 20b — Oto Mavi tasarım yenileme + cila
Tarih: 2026-07-20
cwd: D:\projeler\otomavi\Web\matrix (+ D:\matrix webmodules)

## Özet

Paket 20: ana sayfa zigzag → grid (`page-list-otomavi` / `t1ls02`), kompakt arama (`arac-parca-arama-otomavi` / `t1af01`), body sırası `t1af01 → t1ls02 → t1st01 → t1in01 → t1ct01`.

Paket 20b: render `mode:matrix` zorunluluğu, slider `--bgcolor--` kapatma, menü renk kontrolü, arama margin, kategori 2 satır ellipsis, stats gerçek gradient.

## Render (zorunlu body)

```powershell
Invoke-RestMethod -Method POST -Uri "http://localhost/webmaker/services/webmaker/" `
  -ContentType "application/json" -Body '{"path":"otomavi","mode":"matrix"}'
```

| Alan | Değer |
|------|-------|
| status | **ok** |
| renderId | **14nfeuce** |
| warningCount | **0** |
| placeholder | **0** |
| dogrula | **hata=0 uyarı=0** |

**Kritik:** `mode` yoksa `webmodulepath=modul` (klasör yok) → boş `#header/#content/#footer`. Kanıt: dolu chunk header≈10.6k · content≈56k · footer mevcut.

## 20b düzeltmeleri

1. **Slider `k4t90c`**
   - `desing.bgcolor: "#0B3A6E"`
   - her slayt `data[].bgcolor: "#0B3A6E"`
   - `slider-text/back.js`: `item.bgcolor || desing.bgcolor || "--bgcolor--"` (diğer projeler aynı; desing varsa kullanır)
   - HTML: `--slide-bg--:#0B3A6E` ×2 · `--bgcolor--` placeholder **0**

2. **Menü `vey1el`**
   - `color #ffffff` · `bgcolor #0B3A6E` · `activebgcolor #ffffff` · `activecolor #02427A`
   - Masaüstü: logo (`logo.png`) + Anasayfa / Ürünler / Hakkımızda / İletişim / SSS görünür
   - Not (bilinçli borç): Hakkımızda+SSS `path=kurumsal` → menu-2 çift dropdown (hardcoded)

3. **Arama `t1af01`**
   - `desing.margin: "0px 0px 8px 0px"`
   - `arac-parca-arama-otomavi` üst padding sıkı (hero altına taşma yok)

4. **Grid `t1ls02` / `page-list-otomavi`**
   - `.modulex-card-desc`: 2 satır `line-clamp` + `text-overflow: ellipsis` + `max-height`

5. **Stats `t1st01`**
   - kırık solid `gradient: "#E9F3FB"` → `linear-gradient(180deg, #E9F3FB 0%, #F5F8FC 100%)`

## Kanıt dosyaları

- `data/yonetici/20_render.json`
- `data/yonetici/20_dogrula.txt`
- `data/yonetici/20b_tasarim_cila.md`
- `.cursorrules` — mode:matrix + bgcolor notu güncellendi

## DONE

- [x] mode:matrix ile dolu HTML
- [x] ana sayfa grid + açık arama
- [x] dogrula 0 · placeholder kritik yok
- [x] commit yok
