# Paket 23 — run.log
Tarih: 2026-07-20
rol: web

## Degisiklik listesi
- webmodules/body/urun-liste-otomavi/ (index.html, index.json, back.js)
- webmodules/body/index.json katalog kaydi
- webmodules/mantik/mantik.md not
- otomavi modules.json t1ulo01
- category.json kok + 21 ust kategori desing.body = [t1af01,t1ulo01]
- pagesetting.json category kok body ayni
- page/<kategori-id>/index.json x21 senkron
- .cursorrules kategori detay satiri guncellendi

## Render
status=ok
renderId=cvtsbg0r
warningCount=0
onceki: g7h48hn4, 873tadt2
kanit: data/yonetici/23_render.json

## Dogrula
dogrula: hata=0 uyari=0
SONUC: temiz
katalog body=148 (urun-liste-otomavi dahil)
kanit: data/yonetici/23_dogrula.txt

## Baglama dogrulama
ust kategori sayisi=21
hepsi body [t1af01,t1ulo01]=true
root body=["t1af01","t1ulo01"]
t1ulo01 path=urun-liste-otomavi
t1ulo01 page=products

## Spot-check /tr/filtreler/ (public)
wa.me/905447171828=true
Sepete Ekle=false
sidebar (b0001-sidebar)=true
data-ulo-grid=true
CTA view+WA=true
Magento turuncu=false
urun kart (data-ulo-name)=6

## DONE
- [x] urun-liste-otomavi modul + katalog
- [x] ust kategoriler body [t1af01,t1ulo01]
- [x] modules.json t1ulo01
- [x] .cursorrules guncel
- [x] dogrula hata=0 · render ok
- [x] Sepet metni yok · WhatsApp CTA var
- [x] 23_run.log yazildi