# Paket 24 — Ürün detay PDP — RUN LOG

**Tarih:** 2026-07-20  
**Proje:** otomavi / Oto Mavi  
**Not:** Paket uygulandı (modül + bağlama + render).

## Değişiklikler

### A) Modül
- `webmodules/body/urun-detay-otomavi/` → index.html + index.json + back.js
- Katalog: `webmodules/body/index.json` path=`urun-detay-otomavi`
- Layout: breadcrumb · galeri · özet (rozet/başlık/kod/CTA) · sağ accordion · açıklama · benzer
- CTA: WhatsApp Teklif Al + Ara — Sepete Ekle yok
- W1/W2 + yalnız `var`

### B) Bağlama
- `modules.json`: `t1udo01`
- 89 ürün `products.json` + `page/<id>/index.json` body `["t1udo01"]`
- products kök default body `t1udo01` (eski t1pd01)
- Kurumsal pagesetting `t1pd01` korundu
- `.cursorrules` + `webmodules/mantik/mantik.md` güncellendi

## Render
| Metrik | Değer |
|--------|-------|
| status | ok |
| renderId | 0o20t8fi |
| renderMs | 1511 |
| warningCount | 0 |

## Dogrula
hata=0 uyarı=0

## Manuel `/tr/yakit-filtresi/`
- Galeri + Teklif Al + wa.me OK
- Ürün bilgisi / Özellikler accordion OK
- Sepete Ekle yok

## DONE
- [x] Modül + t1udo01
- [x] 89 ürün body
- [x] render + dogrula 0
